
> website-fe@0.1.0 dev
> next dev -p 3001

   ▲ Next.js 16.0.7 (Turbopack)
   - Local:         http://localhost:3001
   - Network:       http://10.2.0.2:3001

 ✓ Starting...
 ⚠ The "middleware" file convention is deprecated. Please use "proxy" instead. Learn more: https://nextjs.org/docs/messages/middleware-to-proxy
 ✓ Ready in 2.4s
 ○ Compiling /[locale]/blogs ...
D:\Code\OWNER\CMS_BLOG\website-fe\node_modules\next\dist\compiled\next-server\app-page-turbo.runtime.dev.js: Invalid source map. Only conformant source maps can be used to find the original code. Cause: Error: sourceMapURL could not be parsed
 ⨯ Error: Expected a suspended thenable. This is a bug in React. Please file an issue.
    at ignore-listed frames {
  digest: '2243054031'
}
D:\Code\OWNER\CMS_BLOG\website-fe\node_modules\next\dist\compiled\next-server\app-page-turbo.runtime.dev.js: Invalid source map. Only conformant source maps can be used to find the original code. Cause: Error: sourceMapURL could not be parsed
D:\Code\OWNER\CMS_BLOG\website-fe\.next\dev\server\chunks\ssr\node_modules_e3159f39._.js: Invalid source map. Only conformant source maps can be used to find the original code. Cause: Error: sourceMapURL could not be parsed
D:\Code\OWNER\CMS_BLOG\website-fe\node_modules\next\dist\server\base-server.js: Invalid source map. Only conformant source maps can be used to find the original code. Cause: Error: sourceMapURL could not be parsed
D:\Code\OWNER\CMS_BLOG\website-fe\node_modules\next\dist\server\next-server.js: Invalid source map. Only conformant source maps can be used to find the original code. Cause: Error: sourceMapURL could not be parsed
D:\Code\OWNER\CMS_BLOG\website-fe\node_modules\next\dist\server\dev\next-dev-server.js: Invalid source map. Only conformant source maps can be used to find the original code. Cause: Error: sourceMapURL could not be parsed
D:\Code\OWNER\CMS_BLOG\website-fe\node_modules\next\dist\trace\trace.js: Invalid source map. Only conformant source maps can be used to find the original code. Cause: Error: sourceMapURL could not be parsed
D:\Code\OWNER\CMS_BLOG\website-fe\node_modules\next\dist\server\lib\router-server.js: Invalid source map. Only conformant source maps can be used to find the original code. Cause: Error: sourceMapURL could not be parsed
D:\Code\OWNER\CMS_BLOG\website-fe\node_modules\next\dist\server\lib\start-server.js: Invalid source map. Only conformant source maps can be used to find the original code. Cause: Error: sourceMapURL could not be parsed
D:\Code\OWNER\CMS_BLOG\website-fe\node_modules\next\dist\compiled\next-server\app-page-turbo.runtime.dev.js: Invalid source map. Only conformant source maps can be used to find the original code. Cause: Error: sourceMapURL could not be parsed
 ⨯ Error: failed to pipe response
    at ignore-listed frames {
  [cause]: Error: Expected a suspended thenable. This is a bug in React. Please file an issue.
      at ignore-listed frames {
    digest: '2243054031'
  }
}
D:\Code\OWNER\CMS_BLOG\website-fe\node_modules\next\dist\compiled\next-server\app-page-turbo.runtime.dev.js: Invalid source map. Only conformant source maps can be used to find the original code. Cause: Error: sourceMapURL could not be parsed
D:\Code\OWNER\CMS_BLOG\website-fe\.next\dev\server\chunks\ssr\node_modules_e3159f39._.js: Invalid source map. Only conformant source maps can be used to find the original code. Cause: Error: sourceMapURL could not be parsed
D:\Code\OWNER\CMS_BLOG\website-fe\node_modules\next\dist\server\base-server.js: Invalid source map. Only conformant source maps can be used to find the original code. Cause: Error: sourceMapURL could not be parsed
D:\Code\OWNER\CMS_BLOG\website-fe\node_modules\next\dist\server\next-server.js: Invalid source map. Only conformant source maps can be used to find the original code. Cause: Error: sourceMapURL could not be parsed
D:\Code\OWNER\CMS_BLOG\website-fe\node_modules\next\dist\server\dev\next-dev-server.js: Invalid source map. Only conformant source maps can be used to find the original code. Cause: Error: sourceMapURL could not be parsed
D:\Code\OWNER\CMS_BLOG\website-fe\node_modules\next\dist\trace\trace.js: Invalid source map. Only conformant source maps can be used to find the original code. Cause: Error: sourceMapURL could not be parsed
D:\Code\OWNER\CMS_BLOG\website-fe\node_modules\next\dist\server\lib\router-server.js: Invalid source map. Only conformant source maps can be used to find the original code. Cause: Error: sourceMapURL could not be parsed
D:\Code\OWNER\CMS_BLOG\website-fe\node_modules\next\dist\server\lib\start-server.js: Invalid source map. Only conformant source maps can be used to find the original code. Cause: Error: sourceMapURL could not be parsed
D:\Code\OWNER\CMS_BLOG\website-fe\node_modules\next\dist\compiled\next-server\app-page-turbo.runtime.dev.js: Invalid source map. Only conformant source maps can be used to find the original code. Cause: Error: sourceMapURL could not be parsed
 ⨯ Error: failed to pipe response
    at ignore-listed frames {
  page: '/en/blogs',
  [cause]: Error: Expected a suspended thenable. This is a bug in React. Please file an issue.
      at ignore-listed frames {
    digest: '2243054031'
  }
}
 GET /en/blogs 500 in 7.1s (compile: 6.4s, proxy.ts: 152ms, render: 512ms)
 ✓ Compiled in 66ms
 ✓ Compiled in 699ms
 ✓ Compiled in 103ms
 ✓ Compiled in 124ms
Error: Can't resolve 'tw-animate-css' in 'D:\Code\OWNER\CMS_BLOG\website-fe\src\app'
    [2m[at finishWithoutResolve (D:\Code\OWNER\CMS_BLOG\website-fe\node_modules\enhanced-resolve\lib\Resolver.js:565:18)][0m
    [2m[at D:\Code\OWNER\CMS_BLOG\website-fe\node_modules\enhanced-resolve\lib\Resolver.js:657:14][0m
    [2m[at D:\Code\OWNER\CMS_BLOG\website-fe\node_modules\enhanced-resolve\lib\Resolver.js:718:5][0m
    [2m[at eval (eval at create (D:\Code\OWNER\CMS_BLOG\website-fe\node_modules\tapable\lib\HookCodeFactory.js:31:10), <anonymous>:15:1)][0m
    [2m[at D:\Code\OWNER\CMS_BLOG\website-fe\node_modules\enhanced-resolve\lib\Resolver.js:718:5][0m
    [2m[at eval (eval at create (D:\Code\OWNER\CMS_BLOG\website-fe\node_modules\tapable\lib\HookCodeFactory.js:31:10), <anonymous>:27:1)][0m
    [2m[at D:\Code\OWNER\CMS_BLOG\website-fe\node_modules\enhanced-resolve\lib\DescriptionFilePlugin.js:89:43][0m
    [2m[at D:\Code\OWNER\CMS_BLOG\website-fe\node_modules\enhanced-resolve\lib\Resolver.js:718:5][0m
    [2m[at eval (eval at create (D:\Code\OWNER\CMS_BLOG\website-fe\node_modules\tapable\lib\HookCodeFactory.js:31:10), <anonymous>:15:1)][0m
    [2m[at D:\Code\OWNER\CMS_BLOG\website-fe\node_modules\enhanced-resolve\lib\Resolver.js:718:5][0m {
  details: "resolve 'tw-animate-css' in 'D:\\Code\\OWNER\\CMS_BLOG\\website-fe\\src\\app'\n" +
    '  Parsed request is a module\n' +
    '  using description file: D:\\Code\\OWNER\\CMS_BLOG\\website-fe\\package.json (relative path: ./src/app)\n' +
    '    resolve as module\n' +
    "      D:\\Code\\OWNER\\CMS_BLOG\\website-fe\\src\\app\\node_modules doesn't exist or is not a directory\n" +
    "      D:\\Code\\OWNER\\CMS_BLOG\\website-fe\\src\\node_modules doesn't exist or is not a directory\n" +
    '      looking for modules in D:\\Code\\OWNER\\CMS_BLOG\\website-fe\\node_modules\n' +
    '        single file module\n' +
    '          using description file: D:\\Code\\OWNER\\CMS_BLOG\\website-fe\\package.json (relative path: ./node_modules/tw-animate-css)\n' +
    '            no extension\n' +
    "              D:\\Code\\OWNER\\CMS_BLOG\\website-fe\\node_modules\\tw-animate-css doesn't exist\n" +
    '            .css\n' +
    "              D:\\Code\\OWNER\\CMS_BLOG\\website-fe\\node_modules\\tw-animate-css.css doesn't exist\n" +
    "        D:\\Code\\OWNER\\CMS_BLOG\\website-fe\\node_modules\\tw-animate-css doesn't exist\n" +
    "      D:\\Code\\OWNER\\CMS_BLOG\\node_modules doesn't exist or is not a directory\n" +
    "      D:\\Code\\OWNER\\node_modules doesn't exist or is not a directory\n" +
    "      D:\\Code\\node_modules doesn't exist or is not a directory\n" +
    "      D:\\node_modules doesn't exist or is not a directory"
}
^C